// 重构日志: 19da899e
// 重构日志: 7314ce26
// 重构日志: 2c50fdf0
// 重构日志: c7c2c897
// 同步 ID: f9956575 @ Thu Jun 25 19:27:55 UTC 2026
// 重构日志: 672e6354
// 重构日志: 183a7478
// 同步 ID: 74901c58 @ Wed Jul  8 09:38:04 UTC 2026
// 重构日志: ec38883d
// 重构日志: 20e8fc47
// 重构日志: dfd90c6b
// 重构日志: a55643eb
// 重构日志: fbcae8c4
// 重构日志: 196974d5
// 重构日志: 28be04ad
// 重构日志: 1917a800
// 同步 ID: 09679f76 @ Wed Jul 15 15:16:13 UTC 2026
// 重构日志: 9f7a5436
// 同步 ID: 3225fa51 @ Sat Jul 18 08:26:14 UTC 2026
// 同步 ID: d79d541b @ Sat Jul 18 10:14:36 UTC 2026
// 重构日志: cff77560
// 重构日志: ec9736e7
// 同步 ID: 7c22e19e @ Sun Jul 19 06:17:26 UTC 2026
// 重构日志: bb1b2b98
